DEBUG:selenium.webdriver.common.driver_finder:Skipping Selenium Manager; path to chrome driver specified in Service class: ccm/chromedriver.exe
DEBUG:selenium.webdriver.common.service:Started executable: `ccm/chromedriver.exe` in a child process with pid: 15936 using 0 to output -3
DEBUG:selenium.webdriver.remote.remote_connection:POST http://localhost:50906/session {'capabilities': {'firstMatch': [{}], 'alwaysMatch': {'browserName': 'chrome', 'pageLoadStrategy': <PageLoadStrategy.normal: 'normal'>, 'goog:chromeOptions': {'extensions': [], 'args': ['--no-sandbox', '--disable-dev-shm-usage']}}}}
DEBUG:urllib3.connectionpool:Starting new HTTP connection (1): localhost:50906
DEBUG:urllib3.connectionpool:http://localhost:50906 "POST /session HTTP/1.1" 200 0
DEBUG:selenium.webdriver.remote.remote_connection:Remote response: status=200 | data={"value":{"capabilities":{"acceptInsecureCerts":false,"browserName":"chrome","browserVersion":"134.0.6998.89","chrome":{"chromedriverVersion":"134.0.6998.35 (ea6ef4c2ac15ae95d2cfd65682da62c093415099-refs/branch-heads/6998@{#1472})","userDataDir":"C:\\WINDOWS\\SystemTemp\\scoped_dir15936_801550489"},"fedcm:accounts":true,"goog:chromeOptions":{"debuggerAddress":"localhost:50909"},"networkConnectionEnabled":false,"pageLoadStrategy":"normal","platformName":"windows","proxy":{},"setWindowRect":true,"strictFileInteractability":false,"timeouts":{"implicit":0,"pageLoad":300000,"script":30000},"unhandledPromptBehavior":"dismiss and notify","webauthn:extension:credBlob":true,"webauthn:extension:largeBlob":true,"webauthn:extension:minPinLength":true,"webauthn:extension:prf":true,"webauthn:virtualAuthenticators":true},"sessionId":"1f7a89d3826411e91b1b4ee0c41ff89e"}} | headers=HTTPHeaderDict({'Content-Length': '866', 'Content-Type': 'application/json; charset=utf-8', 'cache-control': 'no-cache'})
DEBUG:selenium.webdriver.remote.remote_connection:Finished Request
DEBUG:selenium.webdriver.common.driver_finder:Skipping Selenium Manager; path to chrome driver specified in Service class: ccm/chromedriver.exe
DEBUG:selenium.webdriver.common.service:Started executable: `ccm/chromedriver.exe` in a child process with pid: 18688 using 0 to output -3
DEBUG:selenium.webdriver.remote.remote_connection:POST http://localhost:50951/session {'capabilities': {'firstMatch': [{}], 'alwaysMatch': {'browserName': 'chrome', 'pageLoadStrategy': <PageLoadStrategy.normal: 'normal'>, 'goog:chromeOptions': {'extensions': [], 'args': ['--no-sandbox', '--disable-dev-shm-usage']}}}}
DEBUG:urllib3.connectionpool:Starting new HTTP connection (1): localhost:50951
DEBUG:urllib3.connectionpool:http://localhost:50951 "POST /session HTTP/1.1" 200 0
DEBUG:selenium.webdriver.remote.remote_connection:Remote response: status=200 | data={"value":{"capabilities":{"acceptInsecureCerts":false,"browserName":"chrome","browserVersion":"134.0.6998.89","chrome":{"chromedriverVersion":"134.0.6998.35 (ea6ef4c2ac15ae95d2cfd65682da62c093415099-refs/branch-heads/6998@{#1472})","userDataDir":"C:\\WINDOWS\\SystemTemp\\scoped_dir18688_656807697"},"fedcm:accounts":true,"goog:chromeOptions":{"debuggerAddress":"localhost:50954"},"networkConnectionEnabled":false,"pageLoadStrategy":"normal","platformName":"windows","proxy":{},"setWindowRect":true,"strictFileInteractability":false,"timeouts":{"implicit":0,"pageLoad":300000,"script":30000},"unhandledPromptBehavior":"dismiss and notify","webauthn:extension:credBlob":true,"webauthn:extension:largeBlob":true,"webauthn:extension:minPinLength":true,"webauthn:extension:prf":true,"webauthn:virtualAuthenticators":true},"sessionId":"48d1a2128c20bb9283dd2e3def68fa7b"}} | headers=HTTPHeaderDict({'Content-Length': '866', 'Content-Type': 'application/json; charset=utf-8', 'cache-control': 'no-cache'})
DEBUG:selenium.webdriver.remote.remote_connection:Finished Request
INFO:root:Nh\u1ea5n nút kh\u1edfi ch\u1ea1y
DEBUG:selenium.webdriver.remote.remote_connection:POST http://localhost:50951/session/48d1a2128c20bb9283dd2e3def68fa7b/url {'url': 'https://www.rodeodrive.co.jp/shop/c~jewelry/hermes/g~6167196'}
DEBUG:urllib3.connectionpool:http://localhost:50951 "POST /session/48d1a2128c20bb9283dd2e3def68fa7b/url HTTP/1.1" 200 0
DEBUG:selenium.webdriver.remote.remote_connection:Remote response: status=200 | data={"value":null} | headers=HTTPHeaderDict({'Content-Length': '14', 'Content-Type': 'application/json; charset=utf-8', 'cache-control': 'no-cache'})
DEBUG:selenium.webdriver.remote.remote_connection:Finished Request
DEBUG:selenium.webdriver.remote.remote_connection:POST http://localhost:50951/session/48d1a2128c20bb9283dd2e3def68fa7b/elements {'using': 'css selector', 'value': '.goodsdetail_goods_name'}
DEBUG:urllib3.connectionpool:http://localhost:50951 "POST /session/48d1a2128c20bb9283dd2e3def68fa7b/elements HTTP/1.1" 200 0
DEBUG:selenium.webdriver.remote.remote_connection:Remote response: status=200 | data={"value":[{"element-6066-11e4-a52e-4f735466cecf":"f.F570CEE445CB5780A35D6A9DD00CE291.d.71A2D8883780DB304717C393D336491B.e.398"}]} | headers=HTTPHeaderDict({'Content-Length': '129', 'Content-Type': 'application/json; charset=utf-8', 'cache-control': 'no-cache'})
DEBUG:selenium.webdriver.remote.remote_connection:Finished Request
DEBUG:selenium.webdriver.remote.remote_connection:GET http://localhost:50951/session/48d1a2128c20bb9283dd2e3def68fa7b/element/f.F570CEE445CB5780A35D6A9DD00CE291.d.71A2D8883780DB304717C393D336491B.e.398/text {}
DEBUG:urllib3.connectionpool:http://localhost:50951 "GET /session/48d1a2128c20bb9283dd2e3def68fa7b/element/f.F570CEE445CB5780A35D6A9DD00CE291.d.71A2D8883780DB304717C393D336491B.e.398/text HTTP/1.1" 200 0
DEBUG:selenium.webdriver.remote.remote_connection:Remote response: status=200 | data={"value":"Chaine d'Ancre Bangle"} | headers=HTTPHeaderDict({'Content-Length': '33', 'Content-Type': 'application/json; charset=utf-8', 'cache-control': 'no-cache'})
DEBUG:selenium.webdriver.remote.remote_connection:Finished Request
DEBUG:selenium.webdriver.remote.remote_connection:POST http://localhost:50951/session/48d1a2128c20bb9283dd2e3def68fa7b/elements {'using': 'css selector', 'value': '.p-link--button__txt'}
DEBUG:urllib3.connectionpool:http://localhost:50951 "POST /session/48d1a2128c20bb9283dd2e3def68fa7b/elements HTTP/1.1" 200 0
DEBUG:selenium.webdriver.remote.remote_connection:Remote response: status=200 | data={"value":[]} | headers=HTTPHeaderDict({'Content-Length': '12', 'Content-Type': 'application/json; charset=utf-8', 'cache-control': 'no-cache'})
DEBUG:selenium.webdriver.remote.remote_connection:Finished Request
DEBUG:selenium.webdriver.remote.remote_connection:POST http://localhost:50951/session/48d1a2128c20bb9283dd2e3def68fa7b/elements {'using': 'css selector', 'value': '.p-table__content'}
DEBUG:urllib3.connectionpool:http://localhost:50951 "POST /session/48d1a2128c20bb9283dd2e3def68fa7b/elements HTTP/1.1" 200 0
DEBUG:selenium.webdriver.remote.remote_connection:Remote response: status=200 | data={"value":[]} | headers=HTTPHeaderDict({'Content-Length': '12', 'Content-Type': 'application/json; charset=utf-8', 'cache-control': 'no-cache'})
DEBUG:selenium.webdriver.remote.remote_connection:Finished Request
DEBUG:selenium.webdriver.remote.remote_connection:POST http://localhost:50951/session/48d1a2128c20bb9283dd2e3def68fa7b/elements {'using': 'css selector', 'value': '.js-enhanced-ecommerce-goods-price'}
DEBUG:urllib3.connectionpool:http://localhost:50951 "POST /session/48d1a2128c20bb9283dd2e3def68fa7b/elements HTTP/1.1" 200 0
DEBUG:selenium.webdriver.remote.remote_connection:Remote response: status=200 | data={"value":[{"element-6066-11e4-a52e-4f735466cecf":"f.F570CEE445CB5780A35D6A9DD00CE291.d.71A2D8883780DB304717C393D336491B.e.399"},{"element-6066-11e4-a52e-4f735466cecf":"f.F570CEE445CB5780A35D6A9DD00CE291.d.71A2D8883780DB304717C393D336491B.e.400"},{"element-6066-11e4-a52e-4f735466cecf":"f.F570CEE445CB5780A35D6A9DD00CE291.d.71A2D8883780DB304717C393D336491B.e.401"},{"element-6066-11e4-a52e-4f735466cecf":"f.F570CEE445CB5780A35D6A9DD00CE291.d.71A2D8883780DB304717C393D336491B.e.402"},{"element-6066-11e4-a52e-4f735466cecf":"f.F570CEE445CB5780A35D6A9DD00CE291.d.71A2D8883780DB304717C393D336491B.e.403"},{"element-6066-11e4-a52e-4f735466cecf":"f.F570CEE445CB5780A35D6A9DD00CE291.d.71A2D8883780DB304717C393D336491B.e.404"},{"element-6066-11e4-a52e-4f735466cecf":"f.F570CEE445CB5780A35D6A9DD00CE291.d.71A2D8883780DB304717C393D336491B.e.405"},{"element-6066-11e4-a52e-4f735466cecf":"f.F570CEE445CB5780A35D6A9DD00CE291.d.71A2D8883780DB304717C393D336491B.e.406"},{"element-6066-11e4-a52e-4f735466cecf":"f.F570CEE445CB5780A35D6A9DD00CE291.d.71A2D8883780DB304717C393D336491B.e.407"},{"element-6066-11e4-a52e-4f735466cecf":"f.F570CEE445CB5780A35D6A9DD00CE291.d.71A2D8883780DB304717C393D336491B.e.408"},{"element-6066-11e4-a52e-4f735466cecf":"f.F570CEE445CB5780A35D6A9DD00CE291.d.71A2D8883780DB304717C393D336491B.e.409"}]} | headers=HTTPHeaderDict({'Content-Length': '1309', 'Content-Type': 'application/json; charset=utf-8', 'cache-control': 'no-cache'})
DEBUG:selenium.webdriver.remote.remote_connection:Finished Request
DEBUG:selenium.webdriver.remote.remote_connection:GET http://localhost:50951/session/48d1a2128c20bb9283dd2e3def68fa7b/element/f.F570CEE445CB5780A35D6A9DD00CE291.d.71A2D8883780DB304717C393D336491B.e.399/text {}
DEBUG:urllib3.connectionpool:http://localhost:50951 "GET /session/48d1a2128c20bb9283dd2e3def68fa7b/element/f.F570CEE445CB5780A35D6A9DD00CE291.d.71A2D8883780DB304717C393D336491B.e.399/text HTTP/1.1" 200 0
DEBUG:selenium.webdriver.remote.remote_connection:Remote response: status=200 | data={"value":"¥44,000(tax included)"} | headers=HTTPHeaderDict({'Content-Length': '34', 'Content-Type': 'application/json; charset=utf-8', 'cache-control': 'no-cache'})
DEBUG:selenium.webdriver.remote.remote_connection:Finished Request
DEBUG:selenium.webdriver.remote.remote_connection:POST http://localhost:50951/session/48d1a2128c20bb9283dd2e3def68fa7b/elements {'using': 'css selector', 'value': '.splide__track'}
DEBUG:urllib3.connectionpool:http://localhost:50951 "POST /session/48d1a2128c20bb9283dd2e3def68fa7b/elements HTTP/1.1" 200 0
DEBUG:selenium.webdriver.remote.remote_connection:Remote response: status=200 | data={"value":[{"element-6066-11e4-a52e-4f735466cecf":"f.F570CEE445CB5780A35D6A9DD00CE291.d.71A2D8883780DB304717C393D336491B.e.410"},{"element-6066-11e4-a52e-4f735466cecf":"f.F570CEE445CB5780A35D6A9DD00CE291.d.71A2D8883780DB304717C393D336491B.e.411"},{"element-6066-11e4-a52e-4f735466cecf":"f.F570CEE445CB5780A35D6A9DD00CE291.d.71A2D8883780DB304717C393D336491B.e.412"},{"element-6066-11e4-a52e-4f735466cecf":"f.F570CEE445CB5780A35D6A9DD00CE291.d.71A2D8883780DB304717C393D336491B.e.413"}]} | headers=HTTPHeaderDict({'Content-Length': '483', 'Content-Type': 'application/json; charset=utf-8', 'cache-control': 'no-cache'})
DEBUG:selenium.webdriver.remote.remote_connection:Finished Request
DEBUG:selenium.webdriver.remote.remote_connection:POST http://localhost:50951/session/48d1a2128c20bb9283dd2e3def68fa7b/element/f.F570CEE445CB5780A35D6A9DD00CE291.d.71A2D8883780DB304717C393D336491B.e.410/elements {'using': 'tag name', 'value': 'img'}
DEBUG:urllib3.connectionpool:http://localhost:50951 "POST /session/48d1a2128c20bb9283dd2e3def68fa7b/element/f.F570CEE445CB5780A35D6A9DD00CE291.d.71A2D8883780DB304717C393D336491B.e.410/elements HTTP/1.1" 200 0
DEBUG:selenium.webdriver.remote.remote_connection:Remote response: status=200 | data={"value":[{"element-6066-11e4-a52e-4f735466cecf":"f.F570CEE445CB5780A35D6A9DD00CE291.d.71A2D8883780DB304717C393D336491B.e.33"},{"element-6066-11e4-a52e-4f735466cecf":"f.F570CEE445CB5780A35D6A9DD00CE291.d.71A2D8883780DB304717C393D336491B.e.414"},{"element-6066-11e4-a52e-4f735466cecf":"f.F570CEE445CB5780A35D6A9DD00CE291.d.71A2D8883780DB304717C393D336491B.e.416"},{"element-6066-11e4-a52e-4f735466cecf":"f.F570CEE445CB5780A35D6A9DD00CE291.d.71A2D8883780DB304717C393D336491B.e.418"},{"element-6066-11e4-a52e-4f735466cecf":"f.F570CEE445CB5780A35D6A9DD00CE291.d.71A2D8883780DB304717C393D336491B.e.420"},{"element-6066-11e4-a52e-4f735466cecf":"f.F570CEE445CB5780A35D6A9DD00CE291.d.71A2D8883780DB304717C393D336491B.e.422"}]} | headers=HTTPHeaderDict({'Content-Length': '718', 'Content-Type': 'application/json; charset=utf-8', 'cache-control': 'no-cache'})
DEBUG:selenium.webdriver.remote.remote_connection:Finished Request
DEBUG:selenium.webdriver.remote.remote_connection:POST http://localhost:50951/session/48d1a2128c20bb9283dd2e3def68fa7b/execute/sync {'script': '/* getAttribute */return (function(){return (function(){var d=this||self;function f(a,b){function c(...', 'args': [{'element-6066-11e4-a52e-4f735466cecf': 'f.F570CEE445CB5780A35D6A9DD00CE291.d.71A2D8883780DB304717C393D336491B.e.33'}, 'src']}
DEBUG:urllib3.connectionpool:http://localhost:50951 "POST /session/48d1a2128c20bb9283dd2e3def68fa7b/execute/sync HTTP/1.1" 200 0
DEBUG:selenium.webdriver.remote.remote_connection:Remote response: status=200 | data={"value":"https://www.rodeodrive.co.jp/img/goods/L/6167196-1.jpg"} | headers=HTTPHeaderDict({'Content-Length': '66', 'Content-Type': 'application/json; charset=utf-8', 'cache-control': 'no-cache'})
DEBUG:selenium.webdriver.remote.remote_connection:Finished Request
DEBUG:selenium.webdriver.remote.remote_connection:POST http://localhost:50951/session/48d1a2128c20bb9283dd2e3def68fa7b/execute/sync {'script': '/* getAttribute */return (function(){return (function(){var d=this||self;function f(a,b){function c(...', 'args': [{'element-6066-11e4-a52e-4f735466cecf': 'f.F570CEE445CB5780A35D6A9DD00CE291.d.71A2D8883780DB304717C393D336491B.e.414'}, 'src']}
DEBUG:urllib3.connectionpool:http://localhost:50951 "POST /session/48d1a2128c20bb9283dd2e3def68fa7b/execute/sync HTTP/1.1" 200 0
DEBUG:selenium.webdriver.remote.remote_connection:Remote response: status=200 | data={"value":"https://www.rodeodrive.co.jp/img/goods/1/6167196-2.jpg"} | headers=HTTPHeaderDict({'Content-Length': '66', 'Content-Type': 'application/json; charset=utf-8', 'cache-control': 'no-cache'})
DEBUG:selenium.webdriver.remote.remote_connection:Finished Request
DEBUG:selenium.webdriver.remote.remote_connection:POST http://localhost:50951/session/48d1a2128c20bb9283dd2e3def68fa7b/execute/sync {'script': '/* getAttribute */return (function(){return (function(){var d=this||self;function f(a,b){function c(...', 'args': [{'element-6066-11e4-a52e-4f735466cecf': 'f.F570CEE445CB5780A35D6A9DD00CE291.d.71A2D8883780DB304717C393D336491B.e.416'}, 'src']}
DEBUG:urllib3.connectionpool:http://localhost:50951 "POST /session/48d1a2128c20bb9283dd2e3def68fa7b/execute/sync HTTP/1.1" 200 0
DEBUG:selenium.webdriver.remote.remote_connection:Remote response: status=200 | data={"value":null} | headers=HTTPHeaderDict({'Content-Length': '14', 'Content-Type': 'application/json; charset=utf-8', 'cache-control': 'no-cache'})
DEBUG:selenium.webdriver.remote.remote_connection:Finished Request
DEBUG:selenium.webdriver.remote.remote_connection:POST http://localhost:50951/session/48d1a2128c20bb9283dd2e3def68fa7b/url {'url': 'https://bigmoon-kyoto.com/sale/sale-omega/sale-omega_speedmaster_hw/20760/'}
DEBUG:urllib3.connectionpool:http://localhost:50951 "POST /session/48d1a2128c20bb9283dd2e3def68fa7b/url HTTP/1.1" 200 0
DEBUG:selenium.webdriver.remote.remote_connection:Remote response: status=200 | data={"value":null} | headers=HTTPHeaderDict({'Content-Length': '14', 'Content-Type': 'application/json; charset=utf-8', 'cache-control': 'no-cache'})
DEBUG:selenium.webdriver.remote.remote_connection:Finished Request
DEBUG:selenium.webdriver.remote.remote_connection:POST http://localhost:50951/session/48d1a2128c20bb9283dd2e3def68fa7b/elements {'using': 'css selector', 'value': '.sale_single_tit'}
DEBUG:urllib3.connectionpool:http://localhost:50951 "POST /session/48d1a2128c20bb9283dd2e3def68fa7b/elements HTTP/1.1" 404 0
DEBUG:selenium.webdriver.remote.remote_connection:Remote response: status=404 | data={"value":{"error":"no such window","message":"no such window: target window already closed\nfrom unknown error: web view not found\n  (Session info: chrome=134.0.6998.89)","stacktrace":"\tGetHandleVerifier [0x011DCED3+25523]\n\t(No symbol) [0x011623B4]\n\t(No symbol) [0x010306E3]\n\t(No symbol) [0x0100F84E]\n\t(No symbol) [0x010A459E]\n\t(No symbol) [0x010BEB89]\n\t(No symbol) [0x0109D5F6]\n\t(No symbol) [0x0106C55F]\n\t(No symbol) [0x0106D8A4]\n\tGetHandleVerifier [0x014E2713+3193843]\n\tGetHandleVerifier [0x014F69E9+3276489]\n\tGetHandleVerifier [0x014F0F0C+3253228]\n\tGetHandleVerifier [0x0127B0C0+673184]\n\t(No symbol) [0x0116B43D]\n\t(No symbol) [0x01168568]\n\t(No symbol) [0x01168709]\n\t(No symbol) [0x0115AE90]\n\tBaseThreadInitThunk [0x77035D49+25]\n\tRtlInitializeExceptionChain [0x774CCDEB+107]\n\tRtlGetAppContainerNamedObjectPath [0x774CCD71+561]\n"}} | headers=HTTPHeaderDict({'Content-Length': '873', 'Content-Type': 'application/json; charset=utf-8', 'cache-control': 'no-cache'})
DEBUG:selenium.webdriver.remote.remote_connection:Finished Request
DEBUG:selenium.webdriver.remote.remote_connection:POST http://localhost:50951/session/48d1a2128c20bb9283dd2e3def68fa7b/elements {'using': 'css selector', 'value': '.p-link--button__txt'}
DEBUG:urllib3.connectionpool:http://localhost:50951 "POST /session/48d1a2128c20bb9283dd2e3def68fa7b/elements HTTP/1.1" 404 0
DEBUG:selenium.webdriver.remote.remote_connection:Remote response: status=404 | data={"value":{"error":"no such window","message":"no such window: target window already closed\nfrom unknown error: web view not found\n  (Session info: chrome=134.0.6998.89)","stacktrace":"\tGetHandleVerifier [0x011DCED3+25523]\n\t(No symbol) [0x011623B4]\n\t(No symbol) [0x010306E3]\n\t(No symbol) [0x0100F84E]\n\t(No symbol) [0x010A459E]\n\t(No symbol) [0x010BEB89]\n\t(No symbol) [0x0109D5F6]\n\t(No symbol) [0x0106C55F]\n\t(No symbol) [0x0106D8A4]\n\tGetHandleVerifier [0x014E2713+3193843]\n\tGetHandleVerifier [0x014F69E9+3276489]\n\tGetHandleVerifier [0x014F0F0C+3253228]\n\tGetHandleVerifier [0x0127B0C0+673184]\n\t(No symbol) [0x0116B43D]\n\t(No symbol) [0x01168568]\n\t(No symbol) [0x01168709]\n\t(No symbol) [0x0115AE90]\n\tBaseThreadInitThunk [0x77035D49+25]\n\tRtlInitializeExceptionChain [0x774CCDEB+107]\n\tRtlGetAppContainerNamedObjectPath [0x774CCD71+561]\n"}} | headers=HTTPHeaderDict({'Content-Length': '873', 'Content-Type': 'application/json; charset=utf-8', 'cache-control': 'no-cache'})
DEBUG:selenium.webdriver.remote.remote_connection:Finished Request
DEBUG:selenium.webdriver.remote.remote_connection:POST http://localhost:50951/session/48d1a2128c20bb9283dd2e3def68fa7b/elements {'using': 'css selector', 'value': '.p-table__content'}
DEBUG:urllib3.connectionpool:http://localhost:50951 "POST /session/48d1a2128c20bb9283dd2e3def68fa7b/elements HTTP/1.1" 404 0
DEBUG:selenium.webdriver.remote.remote_connection:Remote response: status=404 | data={"value":{"error":"no such window","message":"no such window: target window already closed\nfrom unknown error: web view not found\n  (Session info: chrome=134.0.6998.89)","stacktrace":"\tGetHandleVerifier [0x011DCED3+25523]\n\t(No symbol) [0x011623B4]\n\t(No symbol) [0x010306E3]\n\t(No symbol) [0x0100F84E]\n\t(No symbol) [0x010A459E]\n\t(No symbol) [0x010BEB89]\n\t(No symbol) [0x0109D5F6]\n\t(No symbol) [0x0106C55F]\n\t(No symbol) [0x0106D8A4]\n\tGetHandleVerifier [0x014E2713+3193843]\n\tGetHandleVerifier [0x014F69E9+3276489]\n\tGetHandleVerifier [0x014F0F0C+3253228]\n\tGetHandleVerifier [0x0127B0C0+673184]\n\t(No symbol) [0x0116B43D]\n\t(No symbol) [0x01168568]\n\t(No symbol) [0x01168709]\n\t(No symbol) [0x0115AE90]\n\tBaseThreadInitThunk [0x77035D49+25]\n\tRtlInitializeExceptionChain [0x774CCDEB+107]\n\tRtlGetAppContainerNamedObjectPath [0x774CCD71+561]\n"}} | headers=HTTPHeaderDict({'Content-Length': '873', 'Content-Type': 'application/json; charset=utf-8', 'cache-control': 'no-cache'})
DEBUG:selenium.webdriver.remote.remote_connection:Finished Request
DEBUG:selenium.webdriver.remote.remote_connection:POST http://localhost:50951/session/48d1a2128c20bb9283dd2e3def68fa7b/elements {'using': 'css selector', 'value': '.sale_price_b'}
DEBUG:urllib3.connectionpool:http://localhost:50951 "POST /session/48d1a2128c20bb9283dd2e3def68fa7b/elements HTTP/1.1" 404 0
DEBUG:selenium.webdriver.remote.remote_connection:Remote response: status=404 | data={"value":{"error":"no such window","message":"no such window: target window already closed\nfrom unknown error: web view not found\n  (Session info: chrome=134.0.6998.89)","stacktrace":"\tGetHandleVerifier [0x011DCED3+25523]\n\t(No symbol) [0x011623B4]\n\t(No symbol) [0x010306E3]\n\t(No symbol) [0x0100F84E]\n\t(No symbol) [0x010A459E]\n\t(No symbol) [0x010BEB89]\n\t(No symbol) [0x0109D5F6]\n\t(No symbol) [0x0106C55F]\n\t(No symbol) [0x0106D8A4]\n\tGetHandleVerifier [0x014E2713+3193843]\n\tGetHandleVerifier [0x014F69E9+3276489]\n\tGetHandleVerifier [0x014F0F0C+3253228]\n\tGetHandleVerifier [0x0127B0C0+673184]\n\t(No symbol) [0x0116B43D]\n\t(No symbol) [0x01168568]\n\t(No symbol) [0x01168709]\n\t(No symbol) [0x0115AE90]\n\tBaseThreadInitThunk [0x77035D49+25]\n\tRtlInitializeExceptionChain [0x774CCDEB+107]\n\tRtlGetAppContainerNamedObjectPath [0x774CCD71+561]\n"}} | headers=HTTPHeaderDict({'Content-Length': '873', 'Content-Type': 'application/json; charset=utf-8', 'cache-control': 'no-cache'})
DEBUG:selenium.webdriver.remote.remote_connection:Finished Request
DEBUG:selenium.webdriver.remote.remote_connection:POST http://localhost:50951/session/48d1a2128c20bb9283dd2e3def68fa7b/elements {'using': 'css selector', 'value': '.slick-list'}
DEBUG:urllib3.connectionpool:http://localhost:50951 "POST /session/48d1a2128c20bb9283dd2e3def68fa7b/elements HTTP/1.1" 404 0
DEBUG:selenium.webdriver.remote.remote_connection:Remote response: status=404 | data={"value":{"error":"no such window","message":"no such window: target window already closed\nfrom unknown error: web view not found\n  (Session info: chrome=134.0.6998.89)","stacktrace":"\tGetHandleVerifier [0x011DCED3+25523]\n\t(No symbol) [0x011623B4]\n\t(No symbol) [0x010306E3]\n\t(No symbol) [0x0100F84E]\n\t(No symbol) [0x010A459E]\n\t(No symbol) [0x010BEB89]\n\t(No symbol) [0x0109D5F6]\n\t(No symbol) [0x0106C55F]\n\t(No symbol) [0x0106D8A4]\n\tGetHandleVerifier [0x014E2713+3193843]\n\tGetHandleVerifier [0x014F69E9+3276489]\n\tGetHandleVerifier [0x014F0F0C+3253228]\n\tGetHandleVerifier [0x0127B0C0+673184]\n\t(No symbol) [0x0116B43D]\n\t(No symbol) [0x01168568]\n\t(No symbol) [0x01168709]\n\t(No symbol) [0x0115AE90]\n\tBaseThreadInitThunk [0x77035D49+25]\n\tRtlInitializeExceptionChain [0x774CCDEB+107]\n\tRtlGetAppContainerNamedObjectPath [0x774CCD71+561]\n"}} | headers=HTTPHeaderDict({'Content-Length': '873', 'Content-Type': 'application/json; charset=utf-8', 'cache-control': 'no-cache'})
DEBUG:selenium.webdriver.remote.remote_connection:Finished Request
DEBUG:selenium.webdriver.remote.remote_connection:POST http://localhost:50951/session/48d1a2128c20bb9283dd2e3def68fa7b/url {'url': 'https://www.rodeodrive.co.jp/shop/c~jewelry/hermes/g~6167196'}
DEBUG:urllib3.connectionpool:http://localhost:50951 "POST /session/48d1a2128c20bb9283dd2e3def68fa7b/url HTTP/1.1" 404 0
DEBUG:selenium.webdriver.remote.remote_connection:Remote response: status=404 | data={"value":{"error":"no such window","message":"no such window: target window already closed\nfrom unknown error: web view not found\n  (Session info: chrome=134.0.6998.89)","stacktrace":"\tGetHandleVerifier [0x011DCED3+25523]\n\t(No symbol) [0x011623B4]\n\t(No symbol) [0x010306E3]\n\t(No symbol) [0x0100F84E]\n\t(No symbol) [0x010A459E]\n\t(No symbol) [0x010BEB89]\n\t(No symbol) [0x0109D5F6]\n\t(No symbol) [0x0106C55F]\n\t(No symbol) [0x0106D8A4]\n\tGetHandleVerifier [0x014E2713+3193843]\n\tGetHandleVerifier [0x014F69E9+3276489]\n\tGetHandleVerifier [0x014F0F0C+3253228]\n\tGetHandleVerifier [0x0127B0C0+673184]\n\t(No symbol) [0x0116B43D]\n\t(No symbol) [0x01168568]\n\t(No symbol) [0x01168709]\n\t(No symbol) [0x0115AE90]\n\tBaseThreadInitThunk [0x77035D49+25]\n\tRtlInitializeExceptionChain [0x774CCDEB+107]\n\tRtlGetAppContainerNamedObjectPath [0x774CCD71+561]\n"}} | headers=HTTPHeaderDict({'Content-Length': '873', 'Content-Type': 'application/json; charset=utf-8', 'cache-control': 'no-cache'})
DEBUG:selenium.webdriver.remote.remote_connection:Finished Request
DEBUG:selenium.webdriver.common.driver_finder:Skipping Selenium Manager; path to chrome driver specified in Service class: ccm/chromedriver.exe
DEBUG:selenium.webdriver.common.service:Started executable: `ccm/chromedriver.exe` in a child process with pid: 23780 using 0 to output -3
DEBUG:selenium.webdriver.remote.remote_connection:POST http://localhost:51110/session {'capabilities': {'firstMatch': [{}], 'alwaysMatch': {'browserName': 'chrome', 'pageLoadStrategy': <PageLoadStrategy.normal: 'normal'>, 'goog:chromeOptions': {'extensions': [], 'args': ['--no-sandbox', '--disable-dev-shm-usage']}}}}
DEBUG:urllib3.connectionpool:Starting new HTTP connection (1): localhost:51110
DEBUG:urllib3.connectionpool:http://localhost:51110 "POST /session HTTP/1.1" 200 0
DEBUG:selenium.webdriver.remote.remote_connection:Remote response: status=200 | data={"value":{"capabilities":{"acceptInsecureCerts":false,"browserName":"chrome","browserVersion":"134.0.6998.89","chrome":{"chromedriverVersion":"134.0.6998.35 (ea6ef4c2ac15ae95d2cfd65682da62c093415099-refs/branch-heads/6998@{#1472})","userDataDir":"C:\\WINDOWS\\SystemTemp\\scoped_dir23780_805649648"},"fedcm:accounts":true,"goog:chromeOptions":{"debuggerAddress":"localhost:51113"},"networkConnectionEnabled":false,"pageLoadStrategy":"normal","platformName":"windows","proxy":{},"setWindowRect":true,"strictFileInteractability":false,"timeouts":{"implicit":0,"pageLoad":300000,"script":30000},"unhandledPromptBehavior":"dismiss and notify","webauthn:extension:credBlob":true,"webauthn:extension:largeBlob":true,"webauthn:extension:minPinLength":true,"webauthn:extension:prf":true,"webauthn:virtualAuthenticators":true},"sessionId":"c0c0210c0be3a6be9d0faab594634c4d"}} | headers=HTTPHeaderDict({'Content-Length': '866', 'Content-Type': 'application/json; charset=utf-8', 'cache-control': 'no-cache'})
DEBUG:selenium.webdriver.remote.remote_connection:Finished Request
INFO:root:Nhan nut khoi chay
INFO:root:vao check rodeodrive
DEBUG:selenium.webdriver.remote.remote_connection:POST http://localhost:51110/session/c0c0210c0be3a6be9d0faab594634c4d/url {'url': 'https://www.rodeodrive.co.jp/shop/c~jewelry/hermes/g~6167196'}
